<?xml version="1.0" encoding="UTF-8"?>
<testsuite xmlns:xsi="http://www.w3.org/2001/XMLSchema-instance" xsi:noNamespaceSchemaLocation="https://maven.apache.org/surefire/maven-surefire-plugin/xsd/surefire-test-report-3.0.xsd" version="3.0" name="com.resqnepal.service.ShelterServiceTest" time="0.249" tests="3" errors="0" skipped="0" failures="0">
  <properties>
[...]
</properties>
  <testcase name="testAddShelter" classname="com.resqnepal.service.ShelterServiceTest" time="0.075">
    <system-out><![CDATA[Database tables verified/initialized successfully at data/resqnepal.db
]]></system-out>
  </testcase>
  <testcase name="testRejectAdmissionWhenCapacityExceeded" classname="com.resqnepal.service.ShelterServiceTest" time="0.084">
    <system-out><![CDATA[Database tables verified/initialized successfully at data/resqnepal.db
]]></system-out>
  </testcase>
  <testcase name="testAdmitPeopleWhenCapacityExists" classname="com.resqnepal.service.ShelterServiceTest" time="0.085">
    <system-out><![CDATA[Database tables verified/initialized successfully at data/resqnepal.db
]]></system-out>
  </testcase>
</testsuite>